#
# A fatal error has been detected by the Java Runtime Environment:
#
#  Internal Error (javaClasses.cpp:136), pid=1116, tid=656
#  fatal error: Invalid layout of preloaded class
#
# JRE version:  (7.0_51-b13) (build )
# Java VM: Java HotSpot(TM) Client VM (24.51-b03 mixed mode windows-x86 )
# Failed to write core dump. Minidumps are not enabled by default on client versions of Windows
#
# If you would like to submit a bug report, please visit:
#   http://bugreport.sun.com/bugreport/crash.jsp
#

---------------  T H R E A D  ---------------

Current thread (0x0094c000):  JavaThread "Unknown thread" [_thread_in_vm, id=656, stack(0x00a20000,0x00a70000)]

Stack: [0x00a20000,0x00a70000],  sp=0x00a6f6f0,  free space=317k
Native frames: (J=compiled Java code, j=interpreted, Vv=VM code, C=native code)
V  [jvm.dll+0x18e0f1]
V  [jvm.dll+0x187e66]
V  [jvm.dll+0x3586a]
V  [jvm.dll+0x358f6]
V  [jvm.dll+0x4400d]
V  [jvm.dll+0x442be]
V  [jvm.dll+0x9263a]
V  [jvm.dll+0x929eb]
V  [jvm.dll+0x13dc51]
V  [jvm.dll+0x16076c]
V  [jvm.dll+0xc8ebf]
C  [javaw.exe+0x13ce]
C  [javaw.exe+0x1e40]
C  [javaw.exe+0xa5b1]
C  [javaw.exe+0xa63b]
C  [KERNEL32.DLL+0x1495d]
C  [ntdll.dll+0x498ee]
C  [ntdll.dll+0x498c4]


---------------  P R O C E S S  ---------------

Java Threads: ( => current thread )

Other Threads:

=>0x0094c000 (exited) JavaThread "Unknown thread" [_thread_in_vm, id=656, stack(0x00a20000,0x00a70000)]

VM state:not at safepoint (not fully initialized)

VM Mutex/Monitor currently owned by a thread: None

GC Heap History (0 events):
No events

Deoptimization events (0 events):
No events

Internal exceptions (0 events):
No events

Events (10 events):
Event: 0.010 loading class 0x022ea5f8
Event: 0.012 loading class 0x022ea5f8 done
Event: 0.012 loading class 0x022ea638
Event: 0.014 loading class 0x022eaba8
Event: 0.014 loading class 0x022eaba8 done
Event: 0.014 loading class 0x022f0770
Event: 0.014 loading class 0x022f0770 done
Event: 0.015 loading class 0x022ea638 done
Event: 0.015 loading class 0x022ea618
Event: 0.015 loading class 0x022ea618 done


Dynamic libraries:
0x00860000 - 0x0088f000 	C:\Program Files (x86)\Java\jre7\bin\javaw.exe
0x774d0000 - 0x77638000 	C:\WINDOWS\SYSTEM32\ntdll.dll
0x76d70000 - 0x76eb0000 	C:\WINDOWS\SYSTEM32\KERNEL32.DLL
0x76480000 - 0x7654f000 	C:\WINDOWS\SYSTEM32\KERNELBASE.dll
0x73e60000 - 0x73efa000 	C:\WINDOWS\system32\apphelp.dll
0x6f920000 - 0x6fb72000 	C:\WINDOWS\AppPatch\AcGenral.DLL
0x76c90000 - 0x76d4e000 	C:\WINDOWS\SYSTEM32\msvcrt.dll
0x76440000 - 0x7647e000 	C:\WINDOWS\SYSTEM32\sechost.dll
0x74f00000 - 0x74f1d000 	C:\WINDOWS\SYSTEM32\SspiCli.dll
0x763f0000 - 0x76431000 	C:\WINDOWS\SYSTEM32\SHLWAPI.dll
0x73b60000 - 0x73c3c000 	C:\WINDOWS\SYSTEM32\UxTheme.dll
0x76a70000 - 0x76bbf000 	C:\WINDOWS\SYSTEM32\USER32.dll
0x76f40000 - 0x77048000 	C:\WINDOWS\SYSTEM32\GDI32.dll
0x73970000 - 0x73990000 	C:\WINDOWS\SYSTEM32\WINMM.dll
0x71510000 - 0x71522000 	C:\WINDOWS\SYSTEM32\samcli.dll
0x74f20000 - 0x7502b000 	C:\WINDOWS\SYSTEM32\ole32.dll
0x765e0000 - 0x76667000 	C:\WINDOWS\SYSTEM32\OLEAUT32.dll
0x71210000 - 0x71225000 	C:\WINDOWS\SYSTEM32\MSACM32.dll
0x74e80000 - 0x74e88000 	C:\WINDOWS\SYSTEM32\VERSION.dll
0x75030000 - 0x761d3000 	C:\WINDOWS\SYSTEM32\SHELL32.dll
0x74a10000 - 0x74a29000 	C:\WINDOWS\SYSTEM32\USERENV.dll
0x73b40000 - 0x73b59000 	C:\WINDOWS\SYSTEM32\dwmapi.dll
0x73630000 - 0x73754000 	C:\WINDOWS\SYSTEM32\urlmon.dll
0x76880000 - 0x768f7000 	C:\WINDOWS\SYSTEM32\ADVAPI32.dll
0x73c60000 - 0x73cbe000 	C:\WINDOWS\SYSTEM32\WINSPOOL.DRV
0x74910000 - 0x74924000 	C:\WINDOWS\SYSTEM32\MPR.dll
0x76bd0000 - 0x76c81000 	C:\WINDOWS\SYSTEM32\RPCRT4.dll
0x74ef0000 - 0x74ef9000 	C:\WINDOWS\SYSTEM32\CRYPTBASE.dll
0x76910000 - 0x76a5e000 	C:\WINDOWS\SYSTEM32\combase.dll
0x73760000 - 0x73780000 	C:\WINDOWS\SYSTEM32\WINMMBASE.dll
0x749e0000 - 0x749ee000 	C:\WINDOWS\SYSTEM32\profapi.dll
0x732c0000 - 0x734d7000 	C:\WINDOWS\SYSTEM32\iertutil.dll
0x730d0000 - 0x73294000 	C:\WINDOWS\SYSTEM32\WININET.dll
0x74e90000 - 0x74ee1000 	C:\WINDOWS\SYSTEM32\bcryptPrimitives.dll
0x761e0000 - 0x7621a000 	C:\WINDOWS\SYSTEM32\cfgmgr32.dll
0x732a0000 - 0x732bf000 	C:\WINDOWS\SYSTEM32\DEVOBJ.dll
0x74df0000 - 0x74e67000 	C:\WINDOWS\SYSTEM32\SHCORE.DLL
0x77250000 - 0x77275000 	C:\WINDOWS\system32\IMM32.DLL
0x77060000 - 0x77157000 	C:\WINDOWS\SYSTEM32\MSCTF.dll
0x73780000 - 0x73965000 	C:\WINDOWS\WinSxS\x86_microsoft.windows.common-controls_6595b64144ccf1df_6.0.9600.16384_none_a9f4965301334e09\COMCTL32.dll
0x77820000 - 0x778df000 	C:\Program Files (x86)\Java\jre7\bin\msvcr100.dll
0x6dda0000 - 0x6e120000 	C:\Program Files (x86)\Java\jre7\bin\client\jvm.dll
0x73ac0000 - 0x73ac8000 	C:\WINDOWS\SYSTEM32\WSOCK32.dll
0x77050000 - 0x77056000 	C:\WINDOWS\SYSTEM32\PSAPI.DLL
0x771b0000 - 0x771fd000 	C:\WINDOWS\SYSTEM32\WS2_32.dll
0x76a60000 - 0x76a67000 	C:\WINDOWS\SYSTEM32\NSI.dll
0x61430000 - 0x6143c000 	C:\Program Files (x86)\Java\jre7\bin\verify.dll
0x77800000 - 0x77820000 	C:\Program Files (x86)\Java\jre7\bin\java.dll
0x777e0000 - 0x777f3000 	C:\Program Files (x86)\Java\jre7\bin\zip.dll
0x734e0000 - 0x73628000 	C:\WINDOWS\SYSTEM32\dbghelp.dll

VM Arguments:
jvm_args: -Dfile.encoding=Cp1252 -Xbootclasspath:C:\Program Files (x86)\leJOS NXJ\lib\nxt\classes.jar 
java_command: Testing.ColourTestingExperiment
Launcher Type: SUN_STANDARD

Environment Variables:
JAVA_HOME=C:\Program Files (x86)\Java\jdk1.7.0_51\
PATH=C:\Program Files (x86)\Intel\iCLS Client\;C:\Program Files\Intel\iCLS Client\;C:\WINDOWS\system32;C:\WINDOWS;C:\WINDOWS\System32\Wbem;C:\WINDOWS\System32\WindowsPowerShell\v1.0\;C:\Program Files\Intel\Intel(R) Management Engine Components\DAL;C:\Program Files\Intel\Intel(R) Management Engine Components\IPT;C:\Program Files (x86)\Intel\Intel(R) Management Engine Components\DAL;C:\Program Files (x86)\Intel\Intel(R) Management Engine Components\IPT;C:\Program Files (x86)\Intel\OpenCL SDK\2.0\bin\x86;C:\Program Files (x86)\Intel\OpenCL SDK\2.0\bin\x64;C:\ProgramData\Lenovo\ReadyApps;C:\Program Files (x86)\PharosSystems\Core;C:\Program Files\Intel\WiFi\bin\;C:\Program Files\Common Files\Intel\WirelessCommon\;C:\Program Files (x86)\IVI Foundation\VISA\WinNT\Bin;C:\Program Files (x86)\leJOS NXJ\bin;JAVA_HOME\bin;C:\Program Files (x86)\leJOS NXJ\bin
USERNAME=Joanna
OS=Windows_NT
PROCESSOR_IDENTIFIER=Intel64 Family 6 Model 58 Stepping 9, GenuineIntel



---------------  S Y S T E M  ---------------

OS: Windows 8 , 64 bit Build 9200 

CPU:total 4 (2 cores per cpu, 2 threads per core) family 6 model 58 stepping 9, cmov, cx8, fxsr, mmx, sse, sse2, sse3, ssse3, sse4.1, sse4.2, popcnt, avx, aes, erms, ht, tsc, tscinvbit, tscinv

Memory: 4k page, physical 8203168k(3782824k free), swap 16591776k(11910612k free)

vm_info: Java HotSpot(TM) Client VM (24.51-b03) for windows-x86 JRE (1.7.0_51-b13), built on Dec 18 2013 19:09:58 by "java_re" with unknown MS VC++:1600

time: Tue Feb 25 17:55:15 2014
elapsed time: 0 seconds

